2025-09-14T19:25:07.306+09:00  INFO 68687 --- [backend] [restartedMain] c.i.borrow.backend.BackendApplication    : Starting BackendApplication using Java 21.0.8 with PID 68687 (/Users/jangjiwang/Dev/inha-item-borrow-service/backend/bin/main started by jangjiwang in /Users/jangjiwang/Dev/inha-item-borrow-service)
2025-09-14T19:25:07.310+09:00  INFO 68687 --- [backend] [restartedMain] c.i.borrow.backend.BackendApplication    : No active profile set, falling back to 1 default profile: "default"
2025-09-14T19:25:07.330+09:00  INFO 68687 --- [backend] [restartedMain] .e.DevToolsPropertyDefaultsPostProcessor : Devtools property defaults active! Set 'spring.devtools.add-properties' to 'false' to disable
2025-09-14T19:25:07.330+09:00  INFO 68687 --- [backend] [restartedMain] .e.DevToolsPropertyDefaultsPostProcessor : For additional web related logging consider setting the 'logging.level.web' property to 'DEBUG'
2025-09-14T19:25:07.794+09:00  INFO 68687 --- [backend] [restartedMain] o.s.b.w.embedded.tomcat.TomcatWebServer  : Tomcat initialized with port 8080 (http)
2025-09-14T19:25:07.801+09:00  INFO 68687 --- [backend] [restartedMain] o.apache.catalina.core.StandardService   : Starting service [Tomcat]
2025-09-14T19:25:07.801+09:00  INFO 68687 --- [backend] [restartedMain] o.apache.catalina.core.StandardEngine    : Starting Servlet engine: [Apache Tomcat/10.1.42]
2025-09-14T19:25:07.816+09:00  INFO 68687 --- [backend] [restartedMain] o.a.c.c.C.[Tomcat].[localhost].[/]       : Initializing Spring embedded WebApplicationContext
2025-09-14T19:25:07.816+09:00  INFO 68687 --- [backend] [restartedMain] w.s.c.ServletWebServerApplicationContext : Root WebApplicationContext: initialization completed in 486 ms
2025-09-14T19:25:07.866+09:00  INFO 68687 --- [backend] [restartedMain] com.zaxxer.hikari.HikariDataSource       : HikariPool-1 - Starting...
2025-09-14T19:25:08.029+09:00  INFO 68687 --- [backend] [restartedMain] com.zaxxer.hikari.pool.HikariPool        : HikariPool-1 - Added connection com.mysql.cj.jdbc.ConnectionImpl@68d53e38
2025-09-14T19:25:08.030+09:00  INFO 68687 --- [backend] [restartedMain] com.zaxxer.hikari.HikariDataSource       : HikariPool-1 - Start completed.
2025-09-14T19:25:08.353+09:00  INFO 68687 --- [backend] [restartedMain] eAuthenticationProviderManagerConfigurer : Found 2 AuthenticationProvider beans, with names [adminAuthenticationProvider, borrowerAuthenticationProvider]. Global Authentication Manager will not be configured with AuthenticationProviders. Consider publishing a single AuthenticationProvider bean, or wiring your Providers directly using the DSL.
2025-09-14T19:25:08.354+09:00  WARN 68687 --- [backend] [restartedMain] r$InitializeUserDetailsManagerConfigurer : Found 2 UserDetailsService beans, with names [adminService, borrowerService]. Global Authentication Manager will not use a UserDetailsService for username/password login. Consider publishing a single UserDetailsService bean.
2025-09-14T19:25:08.388+09:00  WARN 68687 --- [backend] [restartedMain] thorizationManagerRequestMatcherRegistry : One of the patterns in [/requests/*/patch, requests/*/cancel] is missing a leading slash. This is discouraged; please include the leading slash in all your request matcher patterns. In future versions of Spring Security, leaving out the leading slash will result in an exception.
2025-09-14T19:25:08.399+09:00  WARN 68687 --- [backend] [restartedMain] o.s.s.c.a.web.builders.WebSecurity       : 

********************************************************************
**********        Security debugging is enabled.       *************
**********    This may include sensitive information.  *************
**********      Do not use in a production system!     *************
********************************************************************


2025-09-14T19:25:08.483+09:00  INFO 68687 --- [backend] [restartedMain] o.s.b.d.a.OptionalLiveReloadServer       : LiveReload server is running on port 35729
2025-09-14T19:25:08.496+09:00  INFO 68687 --- [backend] [restartedMain] o.s.b.w.embedded.tomcat.TomcatWebServer  : Tomcat started on port 8080 (http) with context path '/'
2025-09-14T19:25:08.502+09:00  INFO 68687 --- [backend] [restartedMain] c.i.borrow.backend.BackendApplication    : Started BackendApplication in 1.379 seconds (process running for 1.63)
2025-09-14T19:25:08.504+09:00  INFO 68687 --- [backend] [scheduling-1] c.i.b.backend.cache.CacheScheduledTask   : [Scheduled] 캐시 정리작업 수행
